#
# A fatal error has been detected by the Java Runtime Environment:
#
#  EXCEPTION_ACCESS_VIOLATION (0xc0000005) at pc=0x000000006f37e178, pid=11648, tid=0x00000000000054b0
#
# JRE version: Java(TM) SE Runtime Environment (8.0_291-b10) (build 1.8.0_291-b10)
# Java VM: Java HotSpot(TM) 64-Bit Server VM (25.291-b10 mixed mode windows-amd64 compressed oops)
# Problematic frame:
# V  [jvm.dll+0x3ce178]
#
# Failed to write core dump. Minidumps are not enabled by default on client versions of Windows
#
# If you would like to submit a bug report, please visit:
#   http://bugreport.java.com/bugreport/crash.jsp
#

---------------  T H R E A D  ---------------

Current thread (0x0000022145c69800):  GCTaskThread [stack: 0x000000f17a200000,0x000000f17a300000] [id=21680]

siginfo: ExceptionCode=0xc0000005, writing address 0x0000022145c01020

Registers:
RAX=0x0000000000011030, RBX=0x000000006f798060, RCX=0x0000022145bf0000, RDX=0x00000000000007ee
RSP=0x000000f17a2ff6a0, RBP=0x000000000af680ef, RSI=0x0000000000000ebb, RDI=0x00000000fe2bac50
R8 =0x0000022145bf96c8, R9 =0x0000000100033d00, R10=0x0000000000002425, R11=0x00000000fe2bacc8
R12=0x00000000fe289f78, R13=0x0000000000004000, R14=0x00000000000003c5, R15=0x0000000000003c00
RIP=0x000000006f37e178, EFLAGS=0x0000000000010206

Top of Stack: (sp=0x000000f17a2ff6a0)
0x000000f17a2ff6a0:   000000006f797fe0 000000000af680ef
0x000000f17a2ff6b0:   0000000000000000 000000006f380199
0x000000f17a2ff6c0:   0000000000000200 000000006f0c2462
0x000000f17a2ff6d0:   00000000fe2bac50 0000022145c6dd50
0x000000f17a2ff6e0:   0000000000000174 000000000af680ef
0x000000f17a2ff6f0:   00000000fe298d58 000000006f0eba0b
0x000000f17a2ff700:   00000000fe2bac50 000000f17a2ff6e0
0x000000f17a2ff710:   000000f17a2ff7d0 000000006f0ccb6e
0x000000f17a2ff720:   0000022145c69cc0 0000000000000000
0x000000f17a2ff730:   0000000000003a00 00000000000003d8
0x000000f17a2ff740:   000000f17a2ff7d0 000000006f3798ef
0x000000f17a2ff750:   000000000000005b 0000022145c6dd50
0x000000f17a2ff760:   00000000fe289f78 0000315a000023b2
0x000000f17a2ff770:   0000018000000050 0000315b000023b2
0x000000f17a2ff780:   0000315c000023b2 03030000fffffcff
0x000000f17a2ff790:   0303030303030303 0000030303030303 

Instructions: (pc=0x000000006f37e178)
0x000000006f37e158:   00 49 8d 4e 01 48 3b ce 73 2d 48 8d 04 89 48 8b
0x000000006f37e168:   d6 48 c1 e0 03 48 2b d1 48 8b 4b 18 48 8d 40 28
0x000000006f37e178:   c7 44 01 f0 00 00 01 00 48 8b 4b 18 48 89 7c 01
0x000000006f37e188:   e8 48 83 ea 01 75 e1 48 8d 04 b6 48 8d 14 c5 00 


Register to memory mapping:

RAX=0x0000000000011030 is an unknown value
RBX=0x000000006f798060 is an unknown value
RCX=0x0000022145bf0000 is an unknown value
RDX=0x00000000000007ee is an unknown value
RSP=0x000000f17a2ff6a0 is an unknown value
RBP=0x000000000af680ef is an unknown value
RSI=0x0000000000000ebb is an unknown value
RDI=0x00000000fe2bac50 is an oop

[error occurred during error reporting (printing register info), id 0xc0000005]

Stack: [0x000000f17a200000,0x000000f17a300000],  sp=0x000000f17a2ff6a0,  free space=1021k
Native frames: (J=compiled Java code, j=interpreted, Vv=VM code, C=native code)
V  [jvm.dll+0x3ce178]
V  [jvm.dll+0x112462]
V  [jvm.dll+0x13ba0b]
V  [jvm.dll+0x3c98ef]
V  [jvm.dll+0x3c73df]
V  [jvm.dll+0x3c4d79]
V  [jvm.dll+0x29210c]
C  [ucrtbase.dll+0x21bb2]
C  [KERNEL32.DLL+0x17034]
C  [ntdll.dll+0x52651]


---------------  P R O C E S S  ---------------

Java Threads: ( => current thread )
  0x000002215c078000 JavaThread "WorkerExecutor Queue Thread 8" [_thread_blocked, id=1568, stack(0x000000f100000000,0x000000f100100000)]
  0x000002215c081000 JavaThread "ForkJoinPool-1-worker-0" daemon [_thread_blocked, id=18108, stack(0x000000f101100000,0x000000f101200000)]
  0x000002215c075800 JavaThread "ForkJoinPool-1-worker-3" daemon [_thread_blocked, id=228, stack(0x000000f101000000,0x000000f101100000)]
  0x000002215c07c000 JavaThread "ForkJoinPool-1-worker-2" daemon [_thread_blocked, id=25852, stack(0x000000f100f00000,0x000000f101000000)]
  0x000002215c074000 JavaThread "ForkJoinPool-1-worker-1" daemon [_thread_blocked, id=4884, stack(0x000000f100e00000,0x000000f100f00000)]
  0x000002215d9fa800 JavaThread "Cache worker for Java compile cache (C:\Native\DoctorApp\android\.gradle\6.9\javaCompile)" [_thread_blocked, id=23932, stack(0x000000f100d00000,0x000000f100e00000)]
  0x000002215d9f9800 JavaThread "Cache worker for Java compile cache (C:\Users\yewin\.gradle\caches\6.9\javaCompile)" [_thread_blocked, id=1260, stack(0x000000f100800000,0x000000f100900000)]
  0x000002215d9f4800 JavaThread "RMI Reaper" [_thread_blocked, id=21736, stack(0x000000f100b00000,0x000000f100c00000)]
  0x000002215d9f7800 JavaThread "RMI TCP Accept-0" daemon [_thread_in_native, id=23960, stack(0x000000f100a00000,0x000000f100b00000)]
  0x000002215d9f8000 JavaThread "GC Daemon" daemon [_thread_blocked, id=9428, stack(0x000000f100900000,0x000000f100a00000)]
  0x000002215d9f9000 JavaThread "RMI Scheduler(0)" daemon [_thread_blocked, id=12300, stack(0x000000f100700000,0x000000f100800000)]
  0x000002215d9f2000 JavaThread "stdout" [_thread_in_native, id=2592, stack(0x000000f100600000,0x000000f100700000)]
  0x000002215d9ef000 JavaThread "stderr" [_thread_in_native, id=12248, stack(0x000000f100500000,0x000000f100600000)]
  0x000002215d9eb800 JavaThread "stdout" [_thread_in_native, id=17512, stack(0x000000f100400000,0x000000f100500000)]
  0x000002215d9f0800 JavaThread "stderr" [_thread_in_native, id=13268, stack(0x000000f100300000,0x000000f100400000)]
  0x000002215d9ee800 JavaThread "pool-4-thread-1" [_thread_blocked, id=18756, stack(0x000000f100200000,0x000000f100300000)]
  0x00000221631a0000 JavaThread "WorkerExecutor Queue Thread 6" [_thread_blocked, id=19500, stack(0x000000f108a00000,0x000000f108b00000)]
  0x000002216319b000 JavaThread "WorkerExecutor Queue Thread 5" [_thread_blocked, id=4304, stack(0x000000f108f00000,0x000000f109000000)]
  0x000002216319f800 JavaThread "WorkerExecutor Queue Thread 4" [_thread_blocked, id=3976, stack(0x000000f108e00000,0x000000f108f00000)]
  0x000002216319e000 JavaThread "WorkerExecutor Queue Thread 2" [_thread_blocked, id=10684, stack(0x000000f108c00000,0x000000f108d00000)]
  0x00000221633fa000 JavaThread "Cache worker for execution history cache (C:\Native\DoctorApp\android\.gradle\6.9\executionHistory)" [_thread_blocked, id=4780, stack(0x000000f108900000,0x000000f108a00000)]
  0x0000022163400000 JavaThread "Execution worker for ':' Thread 3" [_thread_blocked, id=13572, stack(0x000000f108800000,0x000000f108900000)]
  0x00000221633fe800 JavaThread "Execution worker for ':' Thread 2" [_thread_blocked, id=13000, stack(0x000000f108700000,0x000000f108800000)]
  0x00000221633ff000 JavaThread "Execution worker for ':'" [_thread_blocked, id=2480, stack(0x000000f108600000,0x000000f108700000)]
  0x00000221633fd800 JavaThread "build event listener" [_thread_blocked, id=9048, stack(0x000000f108500000,0x000000f108600000)]
  0x00000221633fd000 JavaThread "pool-3-thread-1" [_thread_blocked, id=23940, stack(0x000000f108400000,0x000000f108500000)]
  0x000002215d9f3800 JavaThread "Memory manager" [_thread_blocked, id=25732, stack(0x000000f102900000,0x000000f102a00000)]
  0x000002215b9c3000 JavaThread "Build operations Thread 4" [_thread_blocked, id=4032, stack(0x000000f17c800000,0x000000f17c900000)]
  0x000002215b9c2000 JavaThread "Build operations Thread 3" [_thread_blocked, id=2528, stack(0x000000f17c700000,0x000000f17c800000)]
  0x000002215b9c5000 JavaThread "Build operations Thread 2" [_thread_blocked, id=25876, stack(0x000000f17c600000,0x000000f17c700000)]
  0x000002215b9c3800 JavaThread "Build operations" [_thread_blocked, id=15908, stack(0x000000f17c500000,0x000000f17c600000)]
  0x000002215b9c0000 JavaThread "Cache worker for Build Output Cleanup Cache (C:\Native\DoctorApp\android\.gradle\buildOutputCleanup)" [_thread_blocked, id=16916, stack(0x000000f17c400000,0x000000f17c500000)]
  0x0000022159b78800 JavaThread "Cache worker for file content cache (C:\Users\yewin\.gradle\caches\6.9\fileContent)" [_thread_blocked, id=14096, stack(0x000000f17c300000,0x000000f17c400000)]
  0x0000022159b7f000 JavaThread "Cache worker for execution history cache (C:\Users\yewin\.gradle\caches\6.9\executionHistory)" [_thread_blocked, id=9332, stack(0x000000f17c100000,0x000000f17c200000)]
  0x0000022159b7d800 JavaThread "Cache worker for cache directory md-rule (C:\Users\yewin\.gradle\caches\6.9\md-rule)" [_thread_blocked, id=5912, stack(0x000000f17c000000,0x000000f17c100000)]
  0x0000022159b7c000 JavaThread "Cache worker for cache directory md-supplier (C:\Users\yewin\.gradle\caches\6.9\md-supplier)" [_thread_blocked, id=14788, stack(0x000000f17bf00000,0x000000f17c000000)]
  0x0000022159b79000 JavaThread "Cache worker for checksums cache (C:\Native\DoctorApp\android\.gradle\checksums)" [_thread_blocked, id=18324, stack(0x000000f17be00000,0x000000f17bf00000)]
  0x0000022159b7a800 JavaThread "Cache worker for file hash cache (C:\Native\DoctorApp\android\.gradle\6.9\fileHashes)" [_thread_blocked, id=21768, stack(0x000000f17bd00000,0x000000f17be00000)]
  0x0000022159b7b800 JavaThread "Cache worker for journal cache (C:\Users\yewin\.gradle\caches\journal-1)" [_thread_blocked, id=20312, stack(0x000000f17bc00000,0x000000f17bd00000)]
  0x0000022159b7d000 JavaThread "File lock request listener" [_thread_in_native, id=19132, stack(0x000000f17bb00000,0x000000f17bc00000)]
  0x0000022159b7a000 JavaThread "Cache worker for file hash cache (C:\Users\yewin\.gradle\caches\6.9\fileHashes)" [_thread_blocked, id=19912, stack(0x000000f17ba00000,0x000000f17bb00000)]
  0x000002215b526800 JavaThread "Daemon client event forwarder" [_thread_blocked, id=2028, stack(0x000000f17b900000,0x000000f17ba00000)]
  0x000002215b523000 JavaThread "Stdin handler" [_thread_blocked, id=25112, stack(0x000000f17b800000,0x000000f17b900000)]
  0x000002215b521800 JavaThread "Asynchronous log dispatcher for DefaultDaemonConnection: socket connection from /127.0.0.1:64276 to /127.0.0.1:64277" [_thread_blocked, id=10960, stack(0x000000f17b700000,0x000000f17b800000)]
  0x000002215b528000 JavaThread "Daemon worker" [_thread_blocked, id=2692, stack(0x000000f17b600000,0x000000f17b700000)]
  0x000002215b50f800 JavaThread "Cancel handler" [_thread_blocked, id=10400, stack(0x000000f17b500000,0x000000f17b600000)]
  0x000002215b506000 JavaThread "Handler for socket connection from /127.0.0.1:64276 to /127.0.0.1:64277" [_thread_in_native, id=9208, stack(0x000000f17b400000,0x000000f17b500000)]
  0x000002215b499000 JavaThread "Daemon" [_thread_blocked, id=20604, stack(0x000000f17b300000,0x000000f17b400000)]
  0x000002215b48a000 JavaThread "Daemon periodic checks" [_thread_blocked, id=11024, stack(0x000000f17b200000,0x000000f17b300000)]
  0x000002215b487800 JavaThread "Incoming local TCP Connector on port 64276" [_thread_in_native, id=14396, stack(0x000000f17b100000,0x000000f17b200000)]
  0x000002215b3a1000 JavaThread "Daemon health stats" [_thread_blocked, id=12264, stack(0x000000f17b000000,0x000000f17b100000)]
  0x0000022158c06000 JavaThread "Service Thread" daemon [_thread_blocked, id=22548, stack(0x000000f17ae00000,0x000000f17af00000)]
  0x0000022158b8e000 JavaThread "C1 CompilerThread2" daemon [_thread_blocked, id=22704, stack(0x000000f17ad00000,0x000000f17ae00000)]
  0x0000022158b8b000 JavaThread "C2 CompilerThread1" daemon [_thread_blocked, id=16572, stack(0x000000f17ac00000,0x000000f17ad00000)]
  0x0000022158b88800 JavaThread "C2 CompilerThread0" daemon [_thread_blocked, id=1852, stack(0x000000f17ab00000,0x000000f17ac00000)]
  0x0000022158b85000 JavaThread "Attach Listener" daemon [_thread_blocked, id=11660, stack(0x000000f17aa00000,0x000000f17ab00000)]
  0x0000022158b84000 JavaThread "Signal Dispatcher" daemon [_thread_blocked, id=14796, stack(0x000000f17a900000,0x000000f17aa00000)]
  0x0000022158437000 JavaThread "Finalizer" daemon [_thread_blocked, id=25972, stack(0x000000f17a800000,0x000000f17a900000)]
  0x0000022158b66000 JavaThread "Reference Handler" daemon [_thread_blocked, id=22672, stack(0x000000f17a700000,0x000000f17a800000)]
  0x0000022145c52800 JavaThread "main" [_thread_blocked, id=11976, stack(0x000000f17a100000,0x000000f17a200000)]

Other Threads:
  0x0000022158b43000 VMThread [stack: 0x000000f17a600000,0x000000f17a700000] [id=9400]
  0x0000022158c42000 WatcherThread [stack: 0x000000f17af00000,0x000000f17b000000] [id=14468]

=>0x0000022145c69800 (exited) GCTaskThread [stack: 0x000000f17a200000,0x000000f17a300000] [id=21680]

VM state:at safepoint (normal execution)

VM Mutex/Monitor currently owned by a thread:  ([mutex/lock_event])
[0x0000022145c4f2c0] Threads_lock - owner thread: 0x0000022158b43000
[0x0000022145c4ec40] Heap_lock - owner thread: 0x000002215c078000

heap address: 0x00000000e0000000, size: 512 MB, Compressed Oops mode: 32-bit
Narrow klass base: 0x0000000000000000, Narrow klass shift: 3
Compressed class space size: 1073741824 Address: 0x0000000100000000

Heap:
 PSYoungGen      total 133632K, used 114772K [0x00000000f5580000, 0x00000000ffd80000, 0x0000000100000000)
  eden space 96256K, 100% used [0x00000000f5580000,0x00000000fb380000,0x00000000fb380000)
  from space 37376K, 49% used [0x00000000fd900000,0x00000000feb15028,0x00000000ffd80000)
  to   space 37888K, 0% used [0x00000000fb380000,0x00000000fb380000,0x00000000fd880000)
 ParOldGen       total 349696K, used 318386K [0x00000000e0000000, 0x00000000f5580000, 0x00000000f5580000)
  object space 349696K, 91% used [0x00000000e0000000,0x00000000f36ec900,0x00000000f5580000)
 Metaspace       used 130216K, capacity 138426K, committed 138904K, reserved 1169408K
  class space    used 16981K, capacity 18596K, committed 18840K, reserved 1048576K

Card table byte_map: [0x0000022156880000,0x0000022156990000] byte_map_base: 0x0000022156180000

Marking Bits: (ParMarkBitMap*) 0x000000006f797fe0
 Begin Bits: [0x0000022156a40000, 0x0000022157240000)
 End Bits:   [0x0000022157240000, 0x0000022157a40000)

Polling page: 0x0000022145bc0000

CodeCache: size=245760Kb used=87078Kb max_used=87942Kb free=158681Kb
 bounds [0x00000221474c0000, 0x000002214cb10000, 0x00000221564c0000]
 total_blobs=24917 nmethods=23922 adapters=905
 compilation: enabled

Compilation events (10 events):
Event: 439.718 Thread 0x0000022158b8b000 nmethod 31038 0x000002214cb02e50 code [0x000002214cb03060, 0x000002214cb040f8]
Event: 439.718 Thread 0x0000022158b8b000 31049       4       java.util.Spliterators$ArraySpliterator::forEachRemaining (68 bytes)
Event: 439.720 Thread 0x0000022158b8e000 31056       2       java.nio.Bits::copyFromArray (70 bytes)
Event: 439.720 Thread 0x0000022158b8e000 nmethod 31056 0x000002214cb02950 code [0x000002214cb02ac0, 0x000002214cb02d10]
Event: 439.725 Thread 0x0000022158b8b000 nmethod 31049 0x000002214b8ac6d0 code [0x000002214b8ac840, 0x000002214b8acb78]
Event: 439.725 Thread 0x0000022158b8b000 28898       4       com.android.tools.r8.s.a.a.b.J1::contains (58 bytes)
Event: 439.728 Thread 0x0000022158b8b000 nmethod 28898 0x000002214bdb7e90 code [0x000002214bdb7fe0, 0x000002214bdb81f8]
Event: 439.728 Thread 0x0000022158b8b000 30272       4       com.android.tools.r8.ir.optimize.k::p (704 bytes)
Event: 439.750 Thread 0x0000022158b8e000 31057       1       com.android.tools.r8.code.V::a (1 bytes)
Event: 439.751 Thread 0x0000022158b8e000 nmethod 31057 0x000002214b8ac410 code [0x000002214b8ac560, 0x000002214b8ac678]

GC Heap History (10 events):
Event: 437.112 GC heap after
Heap after GC invocations=185 (full 7):
 PSYoungGen      total 128000K, used 29286K [0x00000000f5580000, 0x0000000100000000, 0x0000000100000000)
  eden space 86528K, 0% used [0x00000000f5580000,0x00000000f5580000,0x00000000faa00000)
  from space 41472K, 70% used [0x00000000fd780000,0x00000000ff419a88,0x0000000100000000)
  to   space 44032K, 0% used [0x00000000faa00000,0x00000000faa00000,0x00000000fd500000)
 ParOldGen       total 349696K, used 259799K [0x00000000e0000000, 0x00000000f5580000, 0x00000000f5580000)
  object space 349696K, 74% used [0x00000000e0000000,0x00000000efdb5eb0,0x00000000f5580000)
 Metaspace       used 129791K, capacity 138022K, committed 138520K, reserved 1169408K
  class space    used 16931K, capacity 18544K, committed 18712K, reserved 1048576K
}
Event: 437.443 GC heap before
{Heap before GC invocations=186 (full 7):
 PSYoungGen      total 128000K, used 115814K [0x00000000f5580000, 0x0000000100000000, 0x0000000100000000)
  eden space 86528K, 100% used [0x00000000f5580000,0x00000000faa00000,0x00000000faa00000)
  from space 41472K, 70% used [0x00000000fd780000,0x00000000ff419a88,0x0000000100000000)
  to   space 44032K, 0% used [0x00000000faa00000,0x00000000faa00000,0x00000000fd500000)
 ParOldGen       total 349696K, used 259799K [0x00000000e0000000, 0x00000000f5580000, 0x00000000f5580000)
  object space 349696K, 74% used [0x00000000e0000000,0x00000000efdb5eb0,0x00000000f5580000)
 Metaspace       used 129851K, capacity 138028K, committed 138520K, reserved 1169408K
  class space    used 16935K, capacity 18545K, committed 18712K, reserved 1048576K
Event: 437.501 GC heap after
Heap after GC invocations=186 (full 7):
 PSYoungGen      total 130560K, used 15865K [0x00000000f5580000, 0x00000000ffd80000, 0x0000000100000000)
  eden space 86528K, 0% used [0x00000000f5580000,0x00000000f5580000,0x00000000faa00000)
  from space 44032K, 36% used [0x00000000faa00000,0x00000000fb97e570,0x00000000fd500000)
  to   space 41472K, 0% used [0x00000000fd500000,0x00000000fd500000,0x00000000ffd80000)
 ParOldGen       total 349696K, used 286710K [0x00000000e0000000, 0x00000000f5580000, 0x00000000f5580000)
  object space 349696K, 81% used [0x00000000e0000000,0x00000000f17fd8b8,0x00000000f5580000)
 Metaspace       used 129851K, capacity 138028K, committed 138520K, reserved 1169408K
  class space    used 16935K, capacity 18545K, committed 18712K, reserved 1048576K
}
Event: 437.879 GC heap before
{Heap before GC invocations=187 (full 7):
 PSYoungGen      total 130560K, used 102393K [0x00000000f5580000, 0x00000000ffd80000, 0x0000000100000000)
  eden space 86528K, 100% used [0x00000000f5580000,0x00000000faa00000,0x00000000faa00000)
  from space 44032K, 36% used [0x00000000faa00000,0x00000000fb97e570,0x00000000fd500000)
  to   space 41472K, 0% used [0x00000000fd500000,0x00000000fd500000,0x00000000ffd80000)
 ParOldGen       total 349696K, used 286710K [0x00000000e0000000, 0x00000000f5580000, 0x00000000f5580000)
  object space 349696K, 81% used [0x00000000e0000000,0x00000000f17fd8b8,0x00000000f5580000)
 Metaspace       used 129995K, capacity 138176K, committed 138520K, reserved 1169408K
  class space    used 16951K, capacity 18549K, committed 18712K, reserved 1048576K
Event: 437.960 GC heap after
Heap after GC invocations=187 (full 7):
 PSYoungGen      total 127488K, used 9091K [0x00000000f5580000, 0x00000000ffa80000, 0x0000000100000000)
  eden space 89088K, 0% used [0x00000000f5580000,0x00000000f5580000,0x00000000fac80000)
  from space 38400K, 23% used [0x00000000fd500000,0x00000000fdde0eb8,0x00000000ffa80000)
  to   space 39936K, 0% used [0x00000000fac80000,0x00000000fac80000,0x00000000fd380000)
 ParOldGen       total 349696K, used 300592K [0x00000000e0000000, 0x00000000f5580000, 0x00000000f5580000)
  object space 349696K, 85% used [0x00000000e0000000,0x00000000f258c380,0x00000000f5580000)
 Metaspace       used 129995K, capacity 138176K, committed 138520K, reserved 1169408K
  class space    used 16951K, capacity 18549K, committed 18712K, reserved 1048576K
}
Event: 438.596 GC heap before
{Heap before GC invocations=188 (full 7):
 PSYoungGen      total 127488K, used 98179K [0x00000000f5580000, 0x00000000ffa80000, 0x0000000100000000)
  eden space 89088K, 100% used [0x00000000f5580000,0x00000000fac80000,0x00000000fac80000)
  from space 38400K, 23% used [0x00000000fd500000,0x00000000fdde0eb8,0x00000000ffa80000)
  to   space 39936K, 0% used [0x00000000fac80000,0x00000000fac80000,0x00000000fd380000)
 ParOldGen       total 349696K, used 300592K [0x00000000e0000000, 0x00000000f5580000, 0x00000000f5580000)
  object space 349696K, 85% used [0x00000000e0000000,0x00000000f258c380,0x00000000f5580000)
 Metaspace       used 130184K, capacity 138356K, committed 138904K, reserved 1169408K
  class space    used 16978K, capacity 18595K, committed 18840K, reserved 1048576K
Event: 438.626 GC heap after
Heap after GC invocations=188 (full 7):
 PSYoungGen      total 129024K, used 9401K [0x00000000f5580000, 0x00000000ffe80000, 0x0000000100000000)
  eden space 89088K, 0% used [0x00000000f5580000,0x00000000f5580000,0x00000000fac80000)
  from space 39936K, 23% used [0x00000000fac80000,0x00000000fb5ae678,0x00000000fd380000)
  to   space 38400K, 0% used [0x00000000fd900000,0x00000000fd900000,0x00000000ffe80000)
 ParOldGen       total 349696K, used 308506K [0x00000000e0000000, 0x00000000f5580000, 0x00000000f5580000)
  object space 349696K, 88% used [0x00000000e0000000,0x00000000f2d46990,0x00000000f5580000)
 Metaspace       used 130184K, capacity 138356K, committed 138904K, reserved 1169408K
  class space    used 16978K, capacity 18595K, committed 18840K, reserved 1048576K
}
Event: 439.109 GC heap before
{Heap before GC invocations=189 (full 7):
 PSYoungGen      total 129024K, used 98094K [0x00000000f5580000, 0x00000000ffe80000, 0x0000000100000000)
  eden space 89088K, 99% used [0x00000000f5580000,0x00000000fac1d4a0,0x00000000fac80000)
  from space 39936K, 23% used [0x00000000fac80000,0x00000000fb5ae678,0x00000000fd380000)
  to   space 38400K, 0% used [0x00000000fd900000,0x00000000fd900000,0x00000000ffe80000)
 ParOldGen       total 349696K, used 308506K [0x00000000e0000000, 0x00000000f5580000, 0x00000000f5580000)
  object space 349696K, 88% used [0x00000000e0000000,0x00000000f2d46990,0x00000000f5580000)
 Metaspace       used 130209K, capacity 138426K, committed 138904K, reserved 1169408K
  class space    used 16981K, capacity 18596K, committed 18840K, reserved 1048576K
Event: 439.155 GC heap after
Heap after GC invocations=189 (full 7):
 PSYoungGen      total 133632K, used 18516K [0x00000000f5580000, 0x00000000ffd80000, 0x0000000100000000)
  eden space 96256K, 0% used [0x00000000f5580000,0x00000000f5580000,0x00000000fb380000)
  from space 37376K, 49% used [0x00000000fd900000,0x00000000feb15028,0x00000000ffd80000)
  to   space 37888K, 0% used [0x00000000fb380000,0x00000000fb380000,0x00000000fd880000)
 ParOldGen       total 349696K, used 315872K [0x00000000e0000000, 0x00000000f5580000, 0x00000000f5580000)
  object space 349696K, 90% used [0x00000000e0000000,0x00000000f34781f0,0x00000000f5580000)
 Metaspace       used 130209K, capacity 138426K, committed 138904K, reserved 1169408K
  class space    used 16981K, capacity 18596K, committed 18840K, reserved 1048576K
}
Event: 439.757 GC heap before
{Heap before GC invocations=190 (full 8):
 PSYoungGen      total 133632K, used 114772K [0x00000000f5580000, 0x00000000ffd80000, 0x0000000100000000)
  eden space 96256K, 100% used [0x00000000f5580000,0x00000000fb380000,0x00000000fb380000)
  from space 37376K, 49% used [0x00000000fd900000,0x00000000feb15028,0x00000000ffd80000)
  to   space 37888K, 0% used [0x00000000fb380000,0x00000000fb380000,0x00000000fd880000)
 ParOldGen       total 349696K, used 318386K [0x00000000e0000000, 0x00000000f5580000, 0x00000000f5580000)
  object space 349696K, 91% used [0x00000000e0000000,0x00000000f36ec900,0x00000000f5580000)
 Metaspace       used 130216K, capacity 138426K, committed 138904K, reserved 1169408K
  class space    used 16981K, capacity 18596K, committed 18840K, reserved 1048576K

Deoptimization events (10 events):
Event: 438.469 Thread 0x000002216319f800 Uncommon trap: reason=class_check action=maybe_recompile pc=0x000002214989b7a0 method=java.util.HashMap.removeNode(ILjava/lang/Object;Ljava/lang/Object;ZZ)Ljava/util/HashMap$Node; @ 68
Event: 438.469 Thread 0x000002216319f800 Uncommon trap: reason=class_check action=maybe_recompile pc=0x000002214989b7a0 method=java.util.HashMap.removeNode(ILjava/lang/Object;Ljava/lang/Object;ZZ)Ljava/util/HashMap$Node; @ 68
Event: 438.469 Thread 0x000002216319f800 Uncommon trap: reason=class_check action=maybe_recompile pc=0x0000022147f380b8 method=java.util.HashMap.removeNode(ILjava/lang/Object;Ljava/lang/Object;ZZ)Ljava/util/HashMap$Node; @ 68
Event: 438.472 Thread 0x000002216319f800 Uncommon trap: reason=class_check action=maybe_recompile pc=0x00000221498bc698 method=java.util.HashMap.removeNode(ILjava/lang/Object;Ljava/lang/Object;ZZ)Ljava/util/HashMap$Node; @ 68
Event: 438.559 Thread 0x000002216319f800 Uncommon trap: reason=class_check action=maybe_recompile pc=0x000002214908e97c method=com.android.tools.r8.utils.m0.Q()Z @ 6
Event: 438.559 Thread 0x000002216319f800 Uncommon trap: reason=class_check action=maybe_recompile pc=0x000002214908e97c method=com.android.tools.r8.utils.m0.Q()Z @ 6
Event: 438.559 Thread 0x000002216319f800 Uncommon trap: reason=class_check action=maybe_recompile pc=0x000002214908e97c method=com.android.tools.r8.utils.m0.Q()Z @ 6
Event: 438.559 Thread 0x000002216319f800 Uncommon trap: reason=class_check action=maybe_recompile pc=0x000002214908e97c method=com.android.tools.r8.utils.m0.Q()Z @ 6
Event: 438.644 Thread 0x000002216319f800 Uncommon trap: reason=class_check action=maybe_recompile pc=0x000002214c66c8d0 method=com.android.tools.r8.utils.m0.Q()Z @ 6
Event: 438.977 Thread 0x000002215c078000 Uncommon trap: reason=class_check action=maybe_recompile pc=0x000002214ba52684 method=com.android.tools.r8.utils.m0.Q()Z @ 6

Classes redefined (0 events):
No events

Internal exceptions (10 events):
Event: 437.325 Thread 0x000002215b528000 Exception <a 'sun/nio/fs/WindowsException'> (0x00000000f80b10c0) thrown at [C:\jenkins\workspace\8-2-build-windows-amd64-cygwin\jdk8u291\1294\hotspot\src\share\vm\prims\jni.cpp, line 710]
Event: 438.086 Thread 0x00000221633fe800 Exception <a 'sun/nio/fs/WindowsException'> (0x00000000f6a9f368) thrown at [C:\jenkins\workspace\8-2-build-windows-amd64-cygwin\jdk8u291\1294\hotspot\src\share\vm\prims\jni.cpp, line 710]
Event: 438.288 Thread 0x00000221633ff000 Exception <a 'sun/nio/fs/WindowsException'> (0x00000000f8e40a20) thrown at [C:\jenkins\workspace\8-2-build-windows-amd64-cygwin\jdk8u291\1294\hotspot\src\share\vm\prims\jni.cpp, line 710]
Event: 438.351 Thread 0x00000221633ff000 Exception <a 'java/lang/NoSuchMethodError': <clinit>> (0x00000000f966a400) thrown at [C:\jenkins\workspace\8-2-build-windows-amd64-cygwin\jdk8u291\1294\hotspot\src\share\vm\prims\jni.cpp, line 1615]
Event: 438.383 Thread 0x000002215b528000 Exception <a 'sun/nio/fs/WindowsException'> (0x00000000f98059d0) thrown at [C:\jenkins\workspace\8-2-build-windows-amd64-cygwin\jdk8u291\1294\hotspot\src\share\vm\prims\jni.cpp, line 710]
Event: 438.557 Thread 0x000002216319f800 Exception <a 'sun/nio/fs/WindowsException'> (0x00000000fa639898) thrown at [C:\jenkins\workspace\8-2-build-windows-amd64-cygwin\jdk8u291\1294\hotspot\src\share\vm\prims\jni.cpp, line 710]
Event: 438.967 Thread 0x000002216319f800 Exception <a 'sun/nio/fs/WindowsException'> (0x00000000f9598410) thrown at [C:\jenkins\workspace\8-2-build-windows-amd64-cygwin\jdk8u291\1294\hotspot\src\share\vm\prims\jni.cpp, line 710]
Event: 438.969 Thread 0x000002216319f800 Exception <a 'sun/nio/fs/WindowsException'> (0x00000000f9600fe0) thrown at [C:\jenkins\workspace\8-2-build-windows-amd64-cygwin\jdk8u291\1294\hotspot\src\share\vm\prims\jni.cpp, line 710]
Event: 438.971 Thread 0x000002216319f800 Exception <a 'sun/nio/fs/WindowsException'> (0x00000000f9649668) thrown at [C:\jenkins\workspace\8-2-build-windows-amd64-cygwin\jdk8u291\1294\hotspot\src\share\vm\prims\jni.cpp, line 710]
Event: 438.975 Thread 0x000002216319f800 Exception <a 'sun/nio/fs/WindowsException'> (0x00000000f96e4080) thrown at [C:\jenkins\workspace\8-2-build-windows-amd64-cygwin\jdk8u291\1294\hotspot\src\share\vm\prims\jni.cpp, line 710]

Events (10 events):
Event: 439.155 Executing VM operation: ParallelGCFailedAllocation done
Event: 439.163 Thread 0x000002215c078000 DEOPT PACKING pc=0x000002214c7dff41 sp=0x000000f1000fc630
Event: 439.163 Thread 0x000002215c078000 DEOPT UNPACKING pc=0x0000022147507898 sp=0x000000f1000fc540 mode 0
Event: 439.270 Thread 0x00000221631a0000 DEOPT PACKING pc=0x000002214b870a6c sp=0x000000f108afdb70
Event: 439.270 Thread 0x00000221631a0000 DEOPT UNPACKING pc=0x0000022147507898 sp=0x000000f108afd980 mode 0
Event: 439.311 Thread 0x000002215c078000 DEOPT PACKING pc=0x000002214c7dfce1 sp=0x000000f1000fc630
Event: 439.311 Thread 0x000002215c078000 DEOPT UNPACKING pc=0x0000022147507898 sp=0x000000f1000fc540 mode 0
Event: 439.720 Executing VM operation: ParallelGCFailedAllocation
Event: 439.721 Executing VM operation: ParallelGCFailedAllocation done
Event: 439.755 Executing VM operation: ParallelGCSystemGC


Dynamic libraries:
0x00007ff733680000 - 0x00007ff7336c7000 	C:\Program Files\Java\jdk1.8.0_291\bin\java.exe
0x00007fff02c90000 - 0x00007fff02e85000 	C:\WINDOWS\SYSTEM32\ntdll.dll
0x00007fff02340000 - 0x00007fff023fe000 	C:\WINDOWS\System32\KERNEL32.DLL
0x00007fff00640000 - 0x00007fff00909000 	C:\WINDOWS\System32\KERNELBASE.dll
0x00007fff01f40000 - 0x00007fff01fec000 	C:\WINDOWS\System32\ADVAPI32.dll
0x00007fff017f0000 - 0x00007fff0188e000 	C:\WINDOWS\System32\msvcrt.dll
0x00007fff01ac0000 - 0x00007fff01b5b000 	C:\WINDOWS\System32\sechost.dll
0x00007fff01e10000 - 0x00007fff01f3a000 	C:\WINDOWS\System32\RPCRT4.dll
0x00007fff02080000 - 0x00007fff02221000 	C:\WINDOWS\System32\USER32.dll
0x00007fff00610000 - 0x00007fff00632000 	C:\WINDOWS\System32\win32u.dll
0x00007fff02bf0000 - 0x00007fff02c1b000 	C:\WINDOWS\System32\GDI32.dll
0x00007fff00910000 - 0x00007fff00a1b000 	C:\WINDOWS\System32\gdi32full.dll
0x00007fff00540000 - 0x00007fff005dd000 	C:\WINDOWS\System32\msvcp_win.dll
0x00007fff00440000 - 0x00007fff00540000 	C:\WINDOWS\System32\ucrtbase.dll
0x00007ffeea1b0000 - 0x00007ffeea44a000 	C:\WINDOWS\WinSxS\amd64_microsoft.windows.common-controls_6595b64144ccf1df_6.0.19041.1110_none_60b5254171f9507e\COMCTL32.dll
0x00007fff02c20000 - 0x00007fff02c50000 	C:\WINDOWS\System32\IMM32.DLL
0x00007ffef7010000 - 0x00007ffef7025000 	C:\Program Files\Java\jdk1.8.0_291\jre\bin\vcruntime140.dll
0x00007ffecd230000 - 0x00007ffecd2cb000 	C:\Program Files\Java\jdk1.8.0_291\jre\bin\msvcp140.dll
0x000000006efb0000 - 0x000000006f810000 	C:\Program Files\Java\jdk1.8.0_291\jre\bin\server\jvm.dll
0x00007fff02760000 - 0x00007fff02768000 	C:\WINDOWS\System32\PSAPI.DLL
0x00007ffef0d60000 - 0x00007ffef0d69000 	C:\WINDOWS\SYSTEM32\WSOCK32.dll
0x00007ffee15c0000 - 0x00007ffee15e7000 	C:\WINDOWS\SYSTEM32\WINMM.dll
0x00007fff01890000 - 0x00007fff018fb000 	C:\WINDOWS\System32\WS2_32.dll
0x00007ffef3b10000 - 0x00007ffef3b1a000 	C:\WINDOWS\SYSTEM32\VERSION.dll
0x00007ffefebf0000 - 0x00007ffefec02000 	C:\WINDOWS\SYSTEM32\kernel.appcore.dll
0x00007ffef04f0000 - 0x00007ffef0500000 	C:\Program Files\Java\jdk1.8.0_291\jre\bin\verify.dll
0x00007ffeefe60000 - 0x00007ffeefe8b000 	C:\Program Files\Java\jdk1.8.0_291\jre\bin\java.dll
0x00007ffede670000 - 0x00007ffede688000 	C:\Program Files\Java\jdk1.8.0_291\jre\bin\zip.dll
0x00007fff00ee0000 - 0x00007fff0161f000 	C:\WINDOWS\System32\SHELL32.dll
0x00007ffefe120000 - 0x00007ffefe8b0000 	C:\WINDOWS\SYSTEM32\windows.storage.dll
0x00007fff02400000 - 0x00007fff02755000 	C:\WINDOWS\System32\combase.dll
0x00007ffeffc50000 - 0x00007ffeffc7c000 	C:\WINDOWS\SYSTEM32\Wldp.dll
0x00007fff02230000 - 0x00007fff022dd000 	C:\WINDOWS\System32\SHCORE.dll
0x00007fff00ce0000 - 0x00007fff00d35000 	C:\WINDOWS\System32\shlwapi.dll
0x00007fff002f0000 - 0x00007fff0030f000 	C:\WINDOWS\SYSTEM32\profapi.dll
0x00007ffede650000 - 0x00007ffede66c000 	C:\Program Files\Java\jdk1.8.0_291\jre\bin\net.dll
0x00007ffeffa30000 - 0x00007ffeffa9a000 	C:\WINDOWS\system32\mswsock.dll
0x00007ffede570000 - 0x00007ffede583000 	C:\Program Files\Java\jdk1.8.0_291\jre\bin\nio.dll
0x00007ffecee80000 - 0x00007ffeceea7000 	C:\Users\yewin\.gradle\native\49d0259a56938c7f99b2704e745ce422c4f750a7a20b539a32ccef96729676b1\windows-amd64\native-platform.dll
0x00007ffea37d0000 - 0x00007ffea3961000 	C:\Users\yewin\.gradle\native\12488b8bf47d2d4c9fbf2f6322a914ad602e24e48041cd04a747c6da556b65c4\windows-amd64\native-platform-file-events.dll
0x00007ffeefe50000 - 0x00007ffeefe5d000 	C:\Program Files\Java\jdk1.8.0_291\jre\bin\management.dll
0x00007ffeffc90000 - 0x00007ffeffca8000 	C:\WINDOWS\SYSTEM32\CRYPTSP.dll
0x00007ffeff3d0000 - 0x00007ffeff404000 	C:\WINDOWS\system32\rsaenh.dll
0x00007fff005e0000 - 0x00007fff00607000 	C:\WINDOWS\System32\bcrypt.dll
0x00007fff00270000 - 0x00007fff0029e000 	C:\WINDOWS\SYSTEM32\USERENV.dll
0x00007fff003b0000 - 0x00007fff00433000 	C:\WINDOWS\System32\bcryptprimitives.dll
0x00007ffeffbc0000 - 0x00007ffeffbcc000 	C:\WINDOWS\SYSTEM32\CRYPTBASE.dll
0x00007ffeff740000 - 0x00007ffeff77b000 	C:\WINDOWS\SYSTEM32\IPHLPAPI.DLL
0x00007fff00e70000 - 0x00007fff00e78000 	C:\WINDOWS\System32\NSI.dll
0x00007ffef32e0000 - 0x00007ffef32f7000 	C:\WINDOWS\SYSTEM32\dhcpcsvc6.DLL
0x00007ffef3250000 - 0x00007ffef326d000 	C:\WINDOWS\SYSTEM32\dhcpcsvc.DLL
0x00007ffeff780000 - 0x00007ffeff84c000 	C:\WINDOWS\SYSTEM32\DNSAPI.dll
0x00007ffecd200000 - 0x00007ffecd224000 	C:\Program Files\Java\jdk1.8.0_291\jre\bin\sunec.dll
0x00000000701a0000 - 0x00000000701c6000 	C:\Program Files\Bonjour\mdnsNSP.dll
0x00007ffef3180000 - 0x00007ffef318a000 	C:\Windows\System32\rasadhlp.dll
0x00007ffef2080000 - 0x00007ffef20ff000 	C:\WINDOWS\System32\fwpuclnt.dll
0x00007ffeefd10000 - 0x00007ffeefd1d000 	C:\Program Files\Java\jdk1.8.0_291\jre\bin\sunmscapi.dll
0x00007fff00b80000 - 0x00007fff00cd6000 	C:\WINDOWS\System32\CRYPT32.dll
0x00007ffeffe70000 - 0x00007ffeffe97000 	C:\WINDOWS\SYSTEM32\ncrypt.dll
0x00007ffeffe30000 - 0x00007ffeffe6b000 	C:\WINDOWS\SYSTEM32\NTASN1.dll
0x00007ffeff060000 - 0x00007ffeff093000 	C:\WINDOWS\SYSTEM32\ntmarta.dll
0x00007ffef0cf0000 - 0x00007ffef0d0e000 	C:\Users\yewin\AppData\Local\Temp\native-platform107917786197183082dir\native-platform.dll
0x00007ffefe970000 - 0x00007ffefeb54000 	C:\WINDOWS\SYSTEM32\dbghelp.dll

VM Arguments:
jvm_args: -XX:MaxMetaspaceSize=256m -XX:+HeapDumpOnOutOfMemoryError -Xms256m -Xmx512m -Dfile.encoding=windows-1252 -Duser.country=US -Duser.language=en -Duser.variant 
java_command: org.gradle.launcher.daemon.bootstrap.GradleDaemon 6.9
java_class_path (initial): C:\Users\yewin\.gradle\wrapper\dists\gradle-6.9-all\dooywd8nv05k16orzxge2b1bs\gradle-6.9\lib\gradle-launcher-6.9.jar
Launcher Type: SUN_STANDARD

Environment Variables:
JAVA_HOME=C:\Program Files\Java\jdk1.8.0_291
CLASSPATH=C:\Native\DoctorApp\android\\gradle\wrapper\gradle-wrapper.jar
PATH=C:\Native\DoctorApp\android\node_modules\.bin;C:\Native\DoctorApp\node_modules\.bin;C:\Native\node_modules\.bin;C:\node_modules\.bin;C:\Program Files\nodejs;C:\Native\DoctorApp\node_modules\.bin;C:\Program Files\Common Files\Oracle\Java\javapath;C:\Program Files (x86)\Common Files\Oracle\Java\javapath;C:\WINDOWS\system32;C:\WINDOWS;C:\WINDOWS\System32\Wbem;C:\WINDOWS\System32\WindowsPowerShell\v1.0\;C:\WINDOWS\System32\OpenSSH\;C:\Program Files (x86)\NVIDIA Corporation\PhysX\Common;C:\Program Files\NVIDIA Corporation\NVIDIA NvDLISR;C:\Program Files (x86)\Microsoft SQL Server\150\Tools\Binn\;C:\Program Files\Microsoft SQL Server\150\Tools\Binn\;C:\Program Files (x86)\Microsoft SQL Server\150\DTS\Binn\;C:\Program Files\Microsoft SQL Server\150\DTS\Binn\;C:\Program Files\Microsoft SQL Server\Client SDK\ODBC\170\Tools\Binn\;C:\Program Files\Azure Data Studio\bin;C:\Program Files\dotnet\;C:\Program Files\Microsoft SQL Server\130\Tools\Binn\;C:\Program Files\nodejs\;C:\Program Files\Git\cmd;C:\Program Files (x86)\dotnet\;C:\Program Files\Java\jdk-16.0.1\bin;;C:\Program Files\Docker\Docker\resources\bin;C:\ProgramData\DockerDesktop\version-bin;C:\Users\yewin\AppData\Local\Microsoft\WindowsApps;C:\Program Files\Azure Data Studio\bin;C:\Users\yewin\.dotnet\tools;C:\Users\yewin\AppData\Local\Programs\Microsoft VS Code\bin;C:\Users\yewin\AppData\Roaming\npm;C:\Users\yewin\AppData\Local\Android\sdk\platform-tools;
USERNAME=Kyaw Kyaw Lwin
OS=Windows_NT
PROCESSOR_IDENTIFIER=Intel64 Family 6 Model 78 Stepping 3, GenuineIntel



---------------  S Y S T E M  ---------------

OS: Windows 10.0 , 64 bit Build 19041 (10.0.19041.1202)

CPU:total 4 (initial active 4) (2 cores per cpu, 2 threads per core) family 6 model 78 stepping 3, cmov, cx8, fxsr, mmx, sse, sse2, sse3, ssse3, sse4.1, sse4.2, popcnt, avx, avx2, aes, clmul, erms, rtm, 3dnowpref, lzcnt, ht, tsc, tscinvbit, bmi1, bmi2, adx

Memory: 4k page, physical 16692340k(6032928k free), swap 38712436k(23907352k free)

vm_info: Java HotSpot(TM) 64-Bit Server VM (25.291-b10) for windows-amd64 JRE (1.8.0_291-b10), built on Apr  9 2021 00:02:00 by "java_re" with MS VC++ 15.9 (VS2017)

time: Fri Nov  5 12:45:16 2021
timezone: Myanmar Standard Time
elapsed time: 440.017014 seconds (0d 0h 7m 20s)

